# JRE version: OpenJDK Runtime Environment (17.0.10) (build 17.0.10+0-17.0.10b1087.21-11609105)
# Java VM: OpenJDK 64-Bit Server VM (17.0.10+0-17.0.10b1087.21-11609105, mixed mode, tiered, compressed oops, compressed class ptrs, g1 gc, linux-amd64)
GC Precious Log:
 CPUs: 4 total, 4 available
 Memory: 7822M
 Large Page Support: Disabled
 NUMA Support: Disabled
 Compressed Oops: Enabled (Zero based)
 Heap Region Size: 2M
 Heap Min Capacity: 8M
 Heap Initial Capacity: 124M
 Heap Max Capacity: 4G
 Pre-touch: Disabled
 Parallel Workers: 4
 Concurrent Workers: 1
 Concurrent Refinement Workers: 4
 Periodic GC: Disabled
Heap:
 garbage-first heap   total 751616K, used 523549K [0x0000000700000000, 0x0000000800000000)
  region size 2048K, 161 young (329728K), 1 survivors (2048K)
 Metaspace       used 232016K, committed 234560K, reserved 1310720K
  class space    used 28998K, committed 30272K, reserved 1048576K
GC Heap History (20 events):
Event: 28990.078 GC heap before
{Heap before GC invocations=125 (full 2):
 garbage-first heap   total 593920K, used 512512K [0x0000000700000000, 0x0000000800000000)
  region size 2048K, 154 young (315392K), 6 survivors (12288K)
 Metaspace       used 224780K, committed 227264K, reserved 1310720K
  class space    used 28467K, committed 29696K, reserved 1048576K
}
Event: 28990.098 GC heap after
{Heap after GC invocations=126 (full 2):
 garbage-first heap   total 593920K, used 180119K [0x0000000700000000, 0x0000000800000000)
  region size 2048K, 6 young (12288K), 6 survivors (12288K)
 Metaspace       used 224780K, committed 227264K, reserved 1310720K
  class space    used 28467K, committed 29696K, reserved 1048576K
}
Event: 28990.183 GC heap before
{Heap before GC invocations=126 (full 2):
 garbage-first heap   total 593920K, used 196503K [0x0000000700000000, 0x0000000800000000)
  region size 2048K, 14 young (28672K), 6 survivors (12288K)
 Metaspace       used 224784K, committed 227264K, reserved 1310720K
  class space    used 28467K, committed 29696K, reserved 1048576K
}
Event: 28990.212 GC heap after
{Heap after GC invocations=127 (full 2):
 garbage-first heap   total 593920K, used 167865K [0x0000000700000000, 0x0000000800000000)
  region size 2048K, 2 young (4096K), 2 survivors (4096K)
 Metaspace       used 224784K, committed 227264K, reserved 1310720K
  class space    used 28467K, committed 29696K, reserved 1048576K
}
Event: 28991.079 GC heap before
{Heap before GC invocations=127 (full 2):
 garbage-first heap   total 593920K, used 192441K [0x0000000700000000, 0x0000000800000000)
  region size 2048K, 15 young (30720K), 2 survivors (4096K)
 Metaspace       used 224787K, committed 227328K, reserved 1310720K
  class space    used 28467K, committed 29696K, reserved 1048576K
}
Event: 28991.094 GC heap after
{Heap after GC invocations=128 (full 2):
 garbage-first heap   total 593920K, used 168643K [0x0000000700000000, 0x0000000800000000)
  region size 2048K, 2 young (4096K), 2 survivors (4096K)
 Metaspace       used 224787K, committed 227328K, reserved 1310720K
  class space    used 28467K, committed 29696K, reserved 1048576K
}
Event: 29194.381 GC heap before
{Heap before GC invocations=129 (full 2):
 garbage-first heap   total 593920K, used 506563K [0x0000000700000000, 0x0000000800000000)
  region size 2048K, 157 young (321536K), 2 survivors (4096K)
 Metaspace       used 229406K, committed 232000K, reserved 1310720K
  class space    used 28818K, committed 30080K, reserved 1048576K
}
Event: 29194.428 GC heap after
{Heap after GC invocations=130 (full 2):
 garbage-first heap   total 593920K, used 182465K [0x0000000700000000, 0x0000000800000000)
  region size 2048K, 10 young (20480K), 10 survivors (20480K)
 Metaspace       used 229406K, committed 232000K, reserved 1310720K
  class space    used 28818K, committed 30080K, reserved 1048576K
}
Event: 29194.468 GC heap before
{Heap before GC invocations=130 (full 2):
 garbage-first heap   total 593920K, used 188609K [0x0000000700000000, 0x0000000800000000)
  region size 2048K, 14 young (28672K), 10 survivors (20480K)
 Metaspace       used 229407K, committed 232000K, reserved 1310720K
  class space    used 28818K, committed 30080K, reserved 1048576K
}
Event: 29194.510 GC heap after
{Heap after GC invocations=131 (full 2):
 garbage-first heap   total 593920K, used 173923K [0x0000000700000000, 0x0000000800000000)
  region size 2048K, 2 young (4096K), 2 survivors (4096K)
 Metaspace       used 229407K, committed 232000K, reserved 1310720K
  class space    used 28818K, committed 30080K, reserved 1048576K
}
Event: 29195.152 GC heap before
{Heap before GC invocations=131 (full 2):
 garbage-first heap   total 593920K, used 325475K [0x0000000700000000, 0x0000000800000000)
  region size 2048K, 78 young (159744K), 2 survivors (4096K)
 Metaspace       used 229422K, committed 232000K, reserved 1310720K
  class space    used 28818K, committed 30080K, reserved 1048576K
}
Event: 29195.160 GC heap after
{Heap after GC invocations=132 (full 2):
 garbage-first heap   total 593920K, used 173119K [0x0000000700000000, 0x0000000800000000)
  region size 2048K, 1 young (2048K), 1 survivors (2048K)
 Metaspace       used 229422K, committed 232000K, reserved 1310720K
  class space    used 28818K, committed 30080K, reserved 1048576K
}
Event: 29624.033 GC heap before
{Heap before GC invocations=133 (full 2):
 garbage-first heap   total 593920K, used 533567K [0x0000000700000000, 0x0000000800000000)
  region size 2048K, 156 young (319488K), 1 survivors (2048K)
 Metaspace       used 229633K, committed 232128K, reserved 1310720K
  class space    used 28825K, committed 30080K, reserved 1048576K
}
Event: 29624.102 GC heap after
{Heap after GC invocations=134 (full 2):
 garbage-first heap   total 593920K, used 191735K [0x0000000700000000, 0x0000000800000000)
  region size 2048K, 11 young (22528K), 11 survivors (22528K)
 Metaspace       used 229633K, committed 232128K, reserved 1310720K
  class space    used 28825K, committed 30080K, reserved 1048576K
}
Event: 29624.147 GC heap before
{Heap before GC invocations=134 (full 2):
 garbage-first heap   total 593920K, used 197879K [0x0000000700000000, 0x0000000800000000)
  region size 2048K, 14 young (28672K), 11 survivors (22528K)
 Metaspace       used 229633K, committed 232128K, reserved 1310720K
  class space    used 28825K, committed 30080K, reserved 1048576K
}
Event: 29624.171 GC heap after
{Heap after GC invocations=135 (full 2):
 garbage-first heap   total 593920K, used 177257K [0x0000000700000000, 0x0000000800000000)
  region size 2048K, 2 young (4096K), 2 survivors (4096K)
 Metaspace       used 229633K, committed 232128K, reserved 1310720K
  class space    used 28825K, committed 30080K, reserved 1048576K
}
Event: 29624.181 GC heap before
{Heap before GC invocations=135 (full 2):
 garbage-first heap   total 593920K, used 179305K [0x0000000700000000, 0x0000000800000000)
  region size 2048K, 4 young (8192K), 2 survivors (4096K)
 Metaspace       used 229634K, committed 232128K, reserved 1310720K
  class space    used 28825K, committed 30080K, reserved 1048576K
}
Event: 29624.197 GC heap after
{Heap after GC invocations=136 (full 2):
 garbage-first heap   total 1781760K, used 175218K [0x0000000700000000, 0x0000000800000000)
  region size 2048K, 1 young (2048K), 1 survivors (2048K)
 Metaspace       used 229634K, committed 232128K, reserved 1310720K
  class space    used 28825K, committed 30080K, reserved 1048576K
}
Event: 29624.220 GC heap before
{Heap before GC invocations=136 (full 2):
 garbage-first heap   total 1781760K, used 177266K [0x0000000700000000, 0x0000000800000000)
  region size 2048K, 3 young (6144K), 1 survivors (2048K)
 Metaspace       used 229638K, committed 232128K, reserved 1310720K
  class space    used 28825K, committed 30080K, reserved 1048576K
}
Event: 29624.225 GC heap after
{Heap after GC invocations=137 (full 2):
 garbage-first heap   total 1781760K, used 175389K [0x0000000700000000, 0x0000000800000000)
  region size 2048K, 1 young (2048K), 1 survivors (2048K)
 Metaspace       used 229638K, committed 232128K, reserved 1310720K
  class space    used 28825K, committed 30080K, reserved 1048576K
}

