# JRE version: OpenJDK Runtime Environment (17.0.10) (build 17.0.10+0-17.0.10b1087.21-11609105)
# Java VM: OpenJDK 64-Bit Server VM (17.0.10+0-17.0.10b1087.21-11609105, mixed mode, tiered, compressed oops, compressed class ptrs, g1 gc, linux-amd64)
GC Precious Log:
 CPUs: 4 total, 4 available
 Memory: 7822M
 Large Page Support: Disabled
 NUMA Support: Disabled
 Compressed Oops: Enabled (32-bit)
 Heap Region Size: 1M
 Heap Min Capacity: 8M
 Heap Initial Capacity: 124M
 Heap Max Capacity: 1956M
 Pre-touch: Disabled
 Parallel Workers: 4
 Concurrent Workers: 1
 Concurrent Refinement Workers: 4
 Periodic GC: Disabled
Heap:
 garbage-first heap   total 300032K, used 220648K [0x0000000085c00000, 0x0000000100000000)
  region size 1024K, 145 young (148480K), 9 survivors (9216K)
 Metaspace       used 85558K, committed 85824K, reserved 1179648K
  class space    used 9426K, committed 9536K, reserved 1048576K
GC Heap History (20 events):
Event: 7.362 GC heap after
{Heap after GC invocations=19 (full 0):
 garbage-first heap   total 84992K, used 36462K [0x0000000085c00000, 0x0000000100000000)
  region size 1024K, 1 young (1024K), 1 survivors (1024K)
 Metaspace       used 54820K, committed 55040K, reserved 1114112K
  class space    used 6651K, committed 6784K, reserved 1048576K
}
Event: 8.607 GC heap before
{Heap before GC invocations=19 (full 0):
 garbage-first heap   total 84992K, used 63086K [0x0000000085c00000, 0x0000000100000000)
  region size 1024K, 27 young (27648K), 1 survivors (1024K)
 Metaspace       used 55990K, committed 56320K, reserved 1114112K
  class space    used 6674K, committed 6848K, reserved 1048576K
}
Event: 8.626 GC heap after
{Heap after GC invocations=20 (full 0):
 garbage-first heap   total 84992K, used 41904K [0x0000000085c00000, 0x0000000100000000)
  region size 1024K, 4 young (4096K), 4 survivors (4096K)
 Metaspace       used 55990K, committed 56320K, reserved 1114112K
  class space    used 6674K, committed 6848K, reserved 1048576K
}
Event: 9.084 GC heap before
{Heap before GC invocations=20 (full 0):
 garbage-first heap   total 84992K, used 64432K [0x0000000085c00000, 0x0000000100000000)
  region size 1024K, 26 young (26624K), 4 survivors (4096K)
 Metaspace       used 56262K, committed 56576K, reserved 1114112K
  class space    used 6691K, committed 6848K, reserved 1048576K
}
Event: 9.107 GC heap after
{Heap after GC invocations=21 (full 0):
 garbage-first heap   total 84992K, used 46274K [0x0000000085c00000, 0x0000000100000000)
  region size 1024K, 4 young (4096K), 4 survivors (4096K)
 Metaspace       used 56262K, committed 56576K, reserved 1114112K
  class space    used 6691K, committed 6848K, reserved 1048576K
}
Event: 9.493 GC heap before
{Heap before GC invocations=21 (full 0):
 garbage-first heap   total 84992K, used 65730K [0x0000000085c00000, 0x0000000100000000)
  region size 1024K, 23 young (23552K), 4 survivors (4096K)
 Metaspace       used 57045K, committed 57280K, reserved 1114112K
  class space    used 6792K, committed 6912K, reserved 1048576K
}
Event: 9.514 GC heap after
{Heap after GC invocations=22 (full 0):
 garbage-first heap   total 125952K, used 49857K [0x0000000085c00000, 0x0000000100000000)
  region size 1024K, 3 young (3072K), 3 survivors (3072K)
 Metaspace       used 57045K, committed 57280K, reserved 1114112K
  class space    used 6792K, committed 6912K, reserved 1048576K
}
Event: 9.949 GC heap before
{Heap before GC invocations=23 (full 0):
 garbage-first heap   total 125952K, used 92865K [0x0000000085c00000, 0x0000000100000000)
  region size 1024K, 45 young (46080K), 3 survivors (3072K)
 Metaspace       used 57388K, committed 57664K, reserved 1114112K
  class space    used 6834K, committed 6976K, reserved 1048576K
}
Event: 9.961 GC heap after
{Heap after GC invocations=24 (full 0):
 garbage-first heap   total 125952K, used 50881K [0x0000000085c00000, 0x0000000100000000)
  region size 1024K, 4 young (4096K), 4 survivors (4096K)
 Metaspace       used 57388K, committed 57664K, reserved 1114112K
  class space    used 6834K, committed 6976K, reserved 1048576K
}
Event: 9.968 GC heap before
{Heap before GC invocations=24 (full 0):
 garbage-first heap   total 125952K, used 52929K [0x0000000085c00000, 0x0000000100000000)
  region size 1024K, 6 young (6144K), 4 survivors (4096K)
 Metaspace       used 57397K, committed 57664K, reserved 1114112K
  class space    used 6834K, committed 6976K, reserved 1048576K
}
Event: 9.981 GC heap after
{Heap after GC invocations=25 (full 0):
 garbage-first heap   total 125952K, used 51152K [0x0000000085c00000, 0x0000000100000000)
  region size 1024K, 1 young (1024K), 1 survivors (1024K)
 Metaspace       used 57397K, committed 57664K, reserved 1114112K
  class space    used 6834K, committed 6976K, reserved 1048576K
}
Event: 11.473 GC heap before
{Heap before GC invocations=25 (full 0):
 garbage-first heap   total 125952K, used 96208K [0x0000000085c00000, 0x0000000100000000)
  region size 1024K, 44 young (45056K), 1 survivors (1024K)
 Metaspace       used 60772K, committed 61056K, reserved 1114112K
  class space    used 7141K, committed 7296K, reserved 1048576K
}
Event: 11.490 GC heap after
{Heap after GC invocations=26 (full 0):
 garbage-first heap   total 125952K, used 56384K [0x0000000085c00000, 0x0000000100000000)
  region size 1024K, 5 young (5120K), 5 survivors (5120K)
 Metaspace       used 60772K, committed 61056K, reserved 1114112K
  class space    used 7141K, committed 7296K, reserved 1048576K
}
Event: 13.019 GC heap before
{Heap before GC invocations=26 (full 0):
 garbage-first heap   total 125952K, used 97344K [0x0000000085c00000, 0x0000000100000000)
  region size 1024K, 45 young (46080K), 5 survivors (5120K)
 Metaspace       used 62576K, committed 62912K, reserved 1114112K
  class space    used 7248K, committed 7424K, reserved 1048576K
}
Event: 13.049 GC heap after
{Heap after GC invocations=27 (full 0):
 garbage-first heap   total 125952K, used 60971K [0x0000000085c00000, 0x0000000100000000)
  region size 1024K, 6 young (6144K), 6 survivors (6144K)
 Metaspace       used 62576K, committed 62912K, reserved 1114112K
  class space    used 7248K, committed 7424K, reserved 1048576K
}
Event: 14.848 GC heap before
{Heap before GC invocations=27 (full 0):
 garbage-first heap   total 125952K, used 98859K [0x0000000085c00000, 0x0000000100000000)
  region size 1024K, 43 young (44032K), 6 survivors (6144K)
 Metaspace       used 66251K, committed 66560K, reserved 1114112K
  class space    used 7645K, committed 7808K, reserved 1048576K
}
Event: 14.879 GC heap after
{Heap after GC invocations=28 (full 0):
 garbage-first heap   total 300032K, used 65245K [0x0000000085c00000, 0x0000000100000000)
  region size 1024K, 4 young (4096K), 4 survivors (4096K)
 Metaspace       used 66251K, committed 66560K, reserved 1114112K
  class space    used 7645K, committed 7808K, reserved 1048576K
}
Event: 21.050 GC heap before
{Heap before GC invocations=28 (full 0):
 garbage-first heap   total 300032K, used 231133K [0x0000000085c00000, 0x0000000100000000)
  region size 1024K, 164 young (167936K), 4 survivors (4096K)
 Metaspace       used 78081K, committed 78400K, reserved 1179648K
  class space    used 8748K, committed 8896K, reserved 1048576K
}
Event: 21.087 GC heap after
{Heap after GC invocations=29 (full 0):
 garbage-first heap   total 300032K, used 81384K [0x0000000085c00000, 0x0000000100000000)
  region size 1024K, 18 young (18432K), 18 survivors (18432K)
 Metaspace       used 78081K, committed 78400K, reserved 1179648K
  class space    used 8748K, committed 8896K, reserved 1048576K
}
Event: 23.636 GC heap before
{Heap before GC invocations=29 (full 0):
 garbage-first heap   total 300032K, used 220648K [0x0000000085c00000, 0x0000000100000000)
  region size 1024K, 154 young (157696K), 18 survivors (18432K)
 Metaspace       used 85558K, committed 85824K, reserved 1179648K
  class space    used 9426K, committed 9536K, reserved 1048576K
}

