# JRE version: OpenJDK Runtime Environment (17.0.10) (build 17.0.10+0-17.0.10b1087.21-11609105)
# Java VM: OpenJDK 64-Bit Server VM (17.0.10+0-17.0.10b1087.21-11609105, mixed mode, tiered, compressed oops, compressed class ptrs, g1 gc, linux-amd64)
GC Precious Log:
 CPUs: 4 total, 4 available
 Memory: 7822M
 Large Page Support: Disabled
 NUMA Support: Disabled
 Compressed Oops: Enabled (Zero based)
 Heap Region Size: 2M
 Heap Min Capacity: 8M
 Heap Initial Capacity: 124M
 Heap Max Capacity: 4G
 Pre-touch: Disabled
 Parallel Workers: 4
 Concurrent Workers: 1
 Concurrent Refinement Workers: 4
 Periodic GC: Disabled
Heap:
 garbage-first heap   total 258048K, used 206222K [0x0000000700000000, 0x0000000800000000)
  region size 2048K, 43 young (88064K), 3 survivors (6144K)
 Metaspace       used 83594K, committed 84288K, reserved 1179648K
  class space    used 11416K, committed 11712K, reserved 1048576K
GC Heap History (20 events):
Event: 10.614 GC heap after
{Heap after GC invocations=20 (full 0):
 garbage-first heap   total 133120K, used 78640K [0x0000000700000000, 0x0000000800000000)
  region size 2048K, 2 young (4096K), 2 survivors (4096K)
 Metaspace       used 53443K, committed 54016K, reserved 1114112K
  class space    used 7220K, committed 7488K, reserved 1048576K
}
Event: 11.340 GC heap before
{Heap before GC invocations=21 (full 0):
 garbage-first heap   total 151552K, used 97072K [0x0000000700000000, 0x0000000800000000)
  region size 2048K, 12 young (24576K), 2 survivors (4096K)
 Metaspace       used 56126K, committed 56640K, reserved 1114112K
  class space    used 7651K, committed 7872K, reserved 1048576K
}
Event: 11.359 GC heap after
{Heap after GC invocations=22 (full 0):
 garbage-first heap   total 151552K, used 80236K [0x0000000700000000, 0x0000000800000000)
  region size 2048K, 1 young (2048K), 1 survivors (2048K)
 Metaspace       used 56126K, committed 56640K, reserved 1114112K
  class space    used 7651K, committed 7872K, reserved 1048576K
}
Event: 12.118 GC heap before
{Heap before GC invocations=22 (full 0):
 garbage-first heap   total 151552K, used 113004K [0x0000000700000000, 0x0000000800000000)
  region size 2048K, 17 young (34816K), 1 survivors (2048K)
 Metaspace       used 58289K, committed 58944K, reserved 1114112K
  class space    used 8036K, committed 8320K, reserved 1048576K
}
Event: 12.133 GC heap after
{Heap after GC invocations=23 (full 0):
 garbage-first heap   total 198656K, used 82105K [0x0000000700000000, 0x0000000800000000)
  region size 2048K, 2 young (4096K), 2 survivors (4096K)
 Metaspace       used 58289K, committed 58944K, reserved 1114112K
  class space    used 8036K, committed 8320K, reserved 1048576K
}
Event: 14.371 GC heap before
{Heap before GC invocations=24 (full 0):
 garbage-first heap   total 198656K, used 143545K [0x0000000700000000, 0x0000000800000000)
  region size 2048K, 33 young (67584K), 2 survivors (4096K)
 Metaspace       used 60611K, committed 61248K, reserved 1114112K
  class space    used 8301K, committed 8640K, reserved 1048576K
}
Event: 14.393 GC heap after
{Heap after GC invocations=25 (full 0):
 garbage-first heap   total 198656K, used 88525K [0x0000000700000000, 0x0000000800000000)
  region size 2048K, 5 young (10240K), 5 survivors (10240K)
 Metaspace       used 60611K, committed 61248K, reserved 1114112K
  class space    used 8301K, committed 8640K, reserved 1048576K
}
Event: 15.527 GC heap before
{Heap before GC invocations=25 (full 0):
 garbage-first heap   total 198656K, used 156109K [0x0000000700000000, 0x0000000800000000)
  region size 2048K, 35 young (71680K), 5 survivors (10240K)
 Metaspace       used 63460K, committed 64128K, reserved 1114112K
  class space    used 8686K, committed 9024K, reserved 1048576K
}
Event: 15.549 GC heap after
{Heap after GC invocations=26 (full 0):
 garbage-first heap   total 198656K, used 110287K [0x0000000700000000, 0x0000000800000000)
  region size 2048K, 5 young (10240K), 5 survivors (10240K)
 Metaspace       used 63460K, committed 64128K, reserved 1114112K
  class space    used 8686K, committed 9024K, reserved 1048576K
}
Event: 16.708 GC heap before
{Heap before GC invocations=26 (full 0):
 garbage-first heap   total 198656K, used 153295K [0x0000000700000000, 0x0000000800000000)
  region size 2048K, 26 young (53248K), 5 survivors (10240K)
 Metaspace       used 67822K, committed 68416K, reserved 1114112K
  class space    used 9203K, committed 9472K, reserved 1048576K
}
Event: 16.717 GC heap after
{Heap after GC invocations=27 (full 0):
 garbage-first heap   total 198656K, used 111421K [0x0000000700000000, 0x0000000800000000)
  region size 2048K, 1 young (2048K), 1 survivors (2048K)
 Metaspace       used 67822K, committed 68416K, reserved 1114112K
  class space    used 9203K, committed 9472K, reserved 1048576K
}
Event: 17.739 GC heap before
{Heap before GC invocations=28 (full 0):
 garbage-first heap   total 198656K, used 154429K [0x0000000700000000, 0x0000000800000000)
  region size 2048K, 23 young (47104K), 1 survivors (2048K)
 Metaspace       used 71322K, committed 72000K, reserved 1114112K
  class space    used 9728K, committed 10048K, reserved 1048576K
}
Event: 17.758 GC heap after
{Heap after GC invocations=29 (full 0):
 garbage-first heap   total 198656K, used 116736K [0x0000000700000000, 0x0000000800000000)
  region size 2048K, 3 young (6144K), 3 survivors (6144K)
 Metaspace       used 71322K, committed 72000K, reserved 1114112K
  class space    used 9728K, committed 10048K, reserved 1048576K
}
Event: 18.590 GC heap before
{Heap before GC invocations=29 (full 0):
 garbage-first heap   total 198656K, used 159744K [0x0000000700000000, 0x0000000800000000)
  region size 2048K, 24 young (49152K), 3 survivors (6144K)
 Metaspace       used 74398K, committed 75136K, reserved 1179648K
  class space    used 10112K, committed 10432K, reserved 1048576K
}
Event: 18.608 GC heap after
{Heap after GC invocations=30 (full 0):
 garbage-first heap   total 198656K, used 118375K [0x0000000700000000, 0x0000000800000000)
  region size 2048K, 2 young (4096K), 2 survivors (4096K)
 Metaspace       used 74398K, committed 75136K, reserved 1179648K
  class space    used 10112K, committed 10432K, reserved 1048576K
}
Event: 19.639 GC heap before
{Heap before GC invocations=31 (full 0):
 garbage-first heap   total 215040K, used 163431K [0x0000000700000000, 0x0000000800000000)
  region size 2048K, 22 young (45056K), 2 survivors (4096K)
 Metaspace       used 78609K, committed 79296K, reserved 1179648K
  class space    used 10723K, committed 11072K, reserved 1048576K
}
Event: 19.669 GC heap after
{Heap after GC invocations=32 (full 0):
 garbage-first heap   total 215040K, used 124736K [0x0000000700000000, 0x0000000800000000)
  region size 2048K, 3 young (6144K), 3 survivors (6144K)
 Metaspace       used 78609K, committed 79296K, reserved 1179648K
  class space    used 10723K, committed 11072K, reserved 1048576K
}
Event: 19.880 GC heap before
{Heap before GC invocations=32 (full 0):
 garbage-first heap   total 215040K, used 128832K [0x0000000700000000, 0x0000000800000000)
  region size 2048K, 5 young (10240K), 3 survivors (6144K)
 Metaspace       used 79115K, committed 79808K, reserved 1179648K
  class space    used 10799K, committed 11136K, reserved 1048576K
}
Event: 19.926 GC heap after
{Heap after GC invocations=33 (full 0):
 garbage-first heap   total 258048K, used 124302K [0x0000000700000000, 0x0000000800000000)
  region size 2048K, 1 young (2048K), 1 survivors (2048K)
 Metaspace       used 79115K, committed 79808K, reserved 1179648K
  class space    used 10799K, committed 11136K, reserved 1048576K
}
Event: 21.638 GC heap before
{Heap before GC invocations=33 (full 0):
 garbage-first heap   total 258048K, used 206222K [0x0000000700000000, 0x0000000800000000)
  region size 2048K, 41 young (83968K), 1 survivors (2048K)
 Metaspace       used 83594K, committed 84288K, reserved 1179648K
  class space    used 11416K, committed 11712K, reserved 1048576K
}

