# JRE version: OpenJDK Runtime Environment (17.0.10) (build 17.0.10+0-17.0.10b1087.21-11609105)
# Java VM: OpenJDK 64-Bit Server VM (17.0.10+0-17.0.10b1087.21-11609105, mixed mode, tiered, compressed oops, compressed class ptrs, g1 gc, linux-amd64)
GC Precious Log:
 CPUs: 4 total, 4 available
 Memory: 7822M
 Large Page Support: Disabled
 NUMA Support: Disabled
 Compressed Oops: Enabled (32-bit)
 Heap Region Size: 1M
 Heap Min Capacity: 8M
 Heap Initial Capacity: 124M
 Heap Max Capacity: 1956M
 Pre-touch: Disabled
 Parallel Workers: 4
 Concurrent Workers: 1
 Concurrent Refinement Workers: 4
 Periodic GC: Disabled
Heap:
 garbage-first heap   total 79872K, used 61771K [0x0000000085c00000, 0x0000000100000000)
  region size 1024K, 21 young (21504K), 3 survivors (3072K)
 Metaspace       used 56540K, committed 56896K, reserved 1114112K
  class space    used 6751K, committed 6912K, reserved 1048576K
GC Heap History (20 events):
Event: 1.940 GC heap after
{Heap after GC invocations=6 (full 0):
 garbage-first heap   total 40960K, used 12093K [0x0000000085c00000, 0x0000000100000000)
  region size 1024K, 1 young (1024K), 1 survivors (1024K)
 Metaspace       used 27661K, committed 27904K, reserved 1114112K
  class space    used 3199K, committed 3328K, reserved 1048576K
}
Event: 2.279 GC heap before
{Heap before GC invocations=6 (full 0):
 garbage-first heap   total 40960K, used 31549K [0x0000000085c00000, 0x0000000100000000)
  region size 1024K, 18 young (18432K), 1 survivors (1024K)
 Metaspace       used 30506K, committed 30784K, reserved 1114112K
  class space    used 3837K, committed 3968K, reserved 1048576K
}
Event: 2.288 GC heap after
{Heap after GC invocations=7 (full 0):
 garbage-first heap   total 63488K, used 18104K [0x0000000085c00000, 0x0000000100000000)
  region size 1024K, 3 young (3072K), 3 survivors (3072K)
 Metaspace       used 30506K, committed 30784K, reserved 1114112K
  class space    used 3837K, committed 3968K, reserved 1048576K
}
Event: 2.722 GC heap before
{Heap before GC invocations=7 (full 0):
 garbage-first heap   total 63488K, used 38584K [0x0000000085c00000, 0x0000000100000000)
  region size 1024K, 24 young (24576K), 3 survivors (3072K)
 Metaspace       used 35884K, committed 36096K, reserved 1114112K
  class space    used 4647K, committed 4736K, reserved 1048576K
}
Event: 2.732 GC heap after
{Heap after GC invocations=8 (full 0):
 garbage-first heap   total 63488K, used 18229K [0x0000000085c00000, 0x0000000100000000)
  region size 1024K, 3 young (3072K), 3 survivors (3072K)
 Metaspace       used 35884K, committed 36096K, reserved 1114112K
  class space    used 4647K, committed 4736K, reserved 1048576K
}
Event: 3.108 GC heap before
{Heap before GC invocations=9 (full 0):
 garbage-first heap   total 63488K, used 42805K [0x0000000085c00000, 0x0000000100000000)
  region size 1024K, 27 young (27648K), 3 survivors (3072K)
 Metaspace       used 40968K, committed 41216K, reserved 1114112K
  class space    used 5128K, committed 5248K, reserved 1048576K
}
Event: 3.118 GC heap after
{Heap after GC invocations=10 (full 0):
 garbage-first heap   total 63488K, used 21174K [0x0000000085c00000, 0x0000000100000000)
  region size 1024K, 3 young (3072K), 3 survivors (3072K)
 Metaspace       used 40968K, committed 41216K, reserved 1114112K
  class space    used 5128K, committed 5248K, reserved 1048576K
}
Event: 3.737 GC heap before
{Heap before GC invocations=10 (full 0):
 garbage-first heap   total 63488K, used 43702K [0x0000000085c00000, 0x0000000100000000)
  region size 1024K, 26 young (26624K), 3 survivors (3072K)
 Metaspace       used 46925K, committed 47168K, reserved 1114112K
  class space    used 5819K, committed 5888K, reserved 1048576K
}
Event: 3.750 GC heap after
{Heap after GC invocations=11 (full 0):
 garbage-first heap   total 63488K, used 22958K [0x0000000085c00000, 0x0000000100000000)
  region size 1024K, 2 young (2048K), 2 survivors (2048K)
 Metaspace       used 46925K, committed 47168K, reserved 1114112K
  class space    used 5819K, committed 5888K, reserved 1048576K
}
Event: 4.354 GC heap before
{Heap before GC invocations=11 (full 0):
 garbage-first heap   total 63488K, used 48558K [0x0000000085c00000, 0x0000000100000000)
  region size 1024K, 25 young (25600K), 2 survivors (2048K)
 Metaspace       used 49766K, committed 49984K, reserved 1114112K
  class space    used 6135K, committed 6272K, reserved 1048576K
}
Event: 4.379 GC heap after
{Heap after GC invocations=12 (full 0):
 garbage-first heap   total 63488K, used 30209K [0x0000000085c00000, 0x0000000100000000)
  region size 1024K, 4 young (4096K), 4 survivors (4096K)
 Metaspace       used 49766K, committed 49984K, reserved 1114112K
  class space    used 6135K, committed 6272K, reserved 1048576K
}
Event: 4.506 GC heap before
{Heap before GC invocations=12 (full 0):
 garbage-first heap   total 63488K, used 47617K [0x0000000085c00000, 0x0000000100000000)
  region size 1024K, 21 young (21504K), 4 survivors (4096K)
 Metaspace       used 49855K, committed 50112K, reserved 1114112K
  class space    used 6135K, committed 6272K, reserved 1048576K
}
Event: 4.517 GC heap after
{Heap after GC invocations=13 (full 0):
 garbage-first heap   total 79872K, used 31820K [0x0000000085c00000, 0x0000000100000000)
  region size 1024K, 2 young (2048K), 2 survivors (2048K)
 Metaspace       used 49855K, committed 50112K, reserved 1114112K
  class space    used 6135K, committed 6272K, reserved 1048576K
}
Event: 5.203 GC heap before
{Heap before GC invocations=13 (full 0):
 garbage-first heap   total 79872K, used 58444K [0x0000000085c00000, 0x0000000100000000)
  region size 1024K, 28 young (28672K), 2 survivors (2048K)
 Metaspace       used 53796K, committed 54080K, reserved 1114112K
  class space    used 6550K, committed 6720K, reserved 1048576K
}
Event: 5.216 GC heap after
{Heap after GC invocations=14 (full 0):
 garbage-first heap   total 79872K, used 34146K [0x0000000085c00000, 0x0000000100000000)
  region size 1024K, 4 young (4096K), 4 survivors (4096K)
 Metaspace       used 53796K, committed 54080K, reserved 1114112K
  class space    used 6550K, committed 6720K, reserved 1048576K
}
Event: 6.040 GC heap before
{Heap before GC invocations=14 (full 0):
 garbage-first heap   total 79872K, used 60770K [0x0000000085c00000, 0x0000000100000000)
  region size 1024K, 30 young (30720K), 4 survivors (4096K)
 Metaspace       used 54876K, committed 55168K, reserved 1114112K
  class space    used 6578K, committed 6720K, reserved 1048576K
}
Event: 6.058 GC heap after
{Heap after GC invocations=15 (full 0):
 garbage-first heap   total 79872K, used 39001K [0x0000000085c00000, 0x0000000100000000)
  region size 1024K, 4 young (4096K), 4 survivors (4096K)
 Metaspace       used 54876K, committed 55168K, reserved 1114112K
  class space    used 6578K, committed 6720K, reserved 1048576K
}
Event: 6.552 GC heap before
{Heap before GC invocations=15 (full 0):
 garbage-first heap   total 79872K, used 60505K [0x0000000085c00000, 0x0000000100000000)
  region size 1024K, 25 young (25600K), 4 survivors (4096K)
 Metaspace       used 55326K, committed 55552K, reserved 1114112K
  class space    used 6593K, committed 6720K, reserved 1048576K
}
Event: 6.568 GC heap after
{Heap after GC invocations=16 (full 0):
 garbage-first heap   total 79872K, used 43339K [0x0000000085c00000, 0x0000000100000000)
  region size 1024K, 4 young (4096K), 4 survivors (4096K)
 Metaspace       used 55326K, committed 55552K, reserved 1114112K
  class space    used 6593K, committed 6720K, reserved 1048576K
}
Event: 6.965 GC heap before
{Heap before GC invocations=16 (full 0):
 garbage-first heap   total 79872K, used 61771K [0x0000000085c00000, 0x0000000100000000)
  region size 1024K, 22 young (22528K), 4 survivors (4096K)
 Metaspace       used 56540K, committed 56896K, reserved 1114112K
  class space    used 6751K, committed 6912K, reserved 1048576K
}

