# JRE version: OpenJDK Runtime Environment (17.0.10) (build 17.0.10+0-17.0.10b1087.21-11609105)
# Java VM: OpenJDK 64-Bit Server VM (17.0.10+0-17.0.10b1087.21-11609105, mixed mode, tiered, compressed oops, compressed class ptrs, g1 gc, linux-amd64)
GC Precious Log:
 CPUs: 4 total, 4 available
 Memory: 7822M
 Large Page Support: Disabled
 NUMA Support: Disabled
 Compressed Oops: Enabled (Zero based)
 Heap Region Size: 2M
 Heap Min Capacity: 8M
 Heap Initial Capacity: 124M
 Heap Max Capacity: 4G
 Pre-touch: Disabled
 Parallel Workers: 4
 Concurrent Workers: 1
 Concurrent Refinement Workers: 4
 Periodic GC: Disabled
Heap:
 garbage-first heap   total 997376K, used 596651K [0x0000000700000000, 0x0000000800000000)
  region size 2048K, 147 young (301056K), 8 survivors (16384K)
 Metaspace       used 328100K, committed 330816K, reserved 1376256K
  class space    used 42194K, committed 43456K, reserved 1048576K
GC Heap History (20 events):
Event: 15061.573 GC heap before
{Heap before GC invocations=92 (full 1):
 garbage-first heap   total 997376K, used 340996K [0x0000000700000000, 0x0000000800000000)
  region size 2048K, 45 young (92160K), 2 survivors (4096K)
 Metaspace       used 278277K, committed 280128K, reserved 1310720K
  class space    used 36266K, committed 37184K, reserved 1048576K
}
Event: 15061.600 GC heap after
{Heap after GC invocations=93 (full 1):
 garbage-first heap   total 997376K, used 262933K [0x0000000700000000, 0x0000000800000000)
  region size 2048K, 6 young (12288K), 6 survivors (12288K)
 Metaspace       used 278277K, committed 280128K, reserved 1310720K
  class space    used 36266K, committed 37184K, reserved 1048576K
}
Event: 15202.191 GC heap before
{Heap before GC invocations=94 (full 1):
 garbage-first heap   total 997376K, used 760597K [0x0000000700000000, 0x0000000800000000)
  region size 2048K, 237 young (485376K), 6 survivors (12288K)
 Metaspace       used 291000K, committed 292992K, reserved 1310720K
  class space    used 37708K, committed 38656K, reserved 1048576K
}
Event: 15202.234 GC heap after
{Heap after GC invocations=95 (full 1):
 garbage-first heap   total 997376K, used 281604K [0x0000000700000000, 0x0000000800000000)
  region size 2048K, 13 young (26624K), 13 survivors (26624K)
 Metaspace       used 291000K, committed 292992K, reserved 1310720K
  class space    used 37708K, committed 38656K, reserved 1048576K
}
Event: 15202.455 GC heap before
{Heap before GC invocations=95 (full 1):
 garbage-first heap   total 997376K, used 304132K [0x0000000700000000, 0x0000000800000000)
  region size 2048K, 24 young (49152K), 13 survivors (26624K)
 Metaspace       used 291028K, committed 293056K, reserved 1310720K
  class space    used 37708K, committed 38656K, reserved 1048576K
}
Event: 15202.524 GC heap after
{Heap after GC invocations=96 (full 1):
 garbage-first heap   total 997376K, used 272217K [0x0000000700000000, 0x0000000800000000)
  region size 2048K, 3 young (6144K), 3 survivors (6144K)
 Metaspace       used 291028K, committed 293056K, reserved 1310720K
  class space    used 37708K, committed 38656K, reserved 1048576K
}
Event: 15202.546 GC heap before
{Heap before GC invocations=96 (full 1):
 garbage-first heap   total 997376K, used 278361K [0x0000000700000000, 0x0000000800000000)
  region size 2048K, 7 young (14336K), 3 survivors (6144K)
 Metaspace       used 291028K, committed 293056K, reserved 1310720K
  class space    used 37708K, committed 38656K, reserved 1048576K
}
Event: 15202.563 GC heap after
{Heap after GC invocations=97 (full 1):
 garbage-first heap   total 997376K, used 277720K [0x0000000700000000, 0x0000000800000000)
  region size 2048K, 6 young (12288K), 6 survivors (12288K)
 Metaspace       used 291028K, committed 293056K, reserved 1310720K
  class space    used 37708K, committed 38656K, reserved 1048576K
}
Event: 15461.692 GC heap before
{Heap before GC invocations=98 (full 1):
 garbage-first heap   total 997376K, used 472280K [0x0000000700000000, 0x0000000800000000)
  region size 2048K, 88 young (180224K), 6 survivors (12288K)
 Metaspace       used 292141K, committed 294592K, reserved 1310720K
  class space    used 37938K, committed 39104K, reserved 1048576K
}
Event: 15461.747 GC heap after
{Heap after GC invocations=99 (full 1):
 garbage-first heap   total 997376K, used 288601K [0x0000000700000000, 0x0000000800000000)
  region size 2048K, 11 young (22528K), 11 survivors (22528K)
 Metaspace       used 292141K, committed 294592K, reserved 1310720K
  class space    used 37938K, committed 39104K, reserved 1048576K
}
Event: 15462.625 GC heap before
{Heap before GC invocations=99 (full 1):
 garbage-first heap   total 997376K, used 315225K [0x0000000700000000, 0x0000000800000000)
  region size 2048K, 24 young (49152K), 11 survivors (22528K)
 Metaspace       used 292346K, committed 294848K, reserved 1310720K
  class space    used 37980K, committed 39168K, reserved 1048576K
}
Event: 15462.701 GC heap after
{Heap after GC invocations=100 (full 1):
 garbage-first heap   total 997376K, used 286486K [0x0000000700000000, 0x0000000800000000)
  region size 2048K, 2 young (4096K), 2 survivors (4096K)
 Metaspace       used 292346K, committed 294848K, reserved 1310720K
  class space    used 37980K, committed 39168K, reserved 1048576K
}
Event: 15462.799 GC heap before
{Heap before GC invocations=100 (full 1):
 garbage-first heap   total 997376K, used 304918K [0x0000000700000000, 0x0000000800000000)
  region size 2048K, 12 young (24576K), 2 survivors (4096K)
 Metaspace       used 292354K, committed 294848K, reserved 1310720K
  class space    used 37980K, committed 39168K, reserved 1048576K
}
Event: 15462.804 GC heap after
{Heap after GC invocations=101 (full 1):
 garbage-first heap   total 997376K, used 284438K [0x0000000700000000, 0x0000000800000000)
  region size 2048K, 1 young (2048K), 1 survivors (2048K)
 Metaspace       used 292354K, committed 294848K, reserved 1310720K
  class space    used 37980K, committed 39168K, reserved 1048576K
}
Event: 15632.953 GC heap before
{Heap before GC invocations=102 (full 1):
 garbage-first heap   total 997376K, used 587542K [0x0000000700000000, 0x0000000800000000)
  region size 2048K, 146 young (299008K), 1 survivors (2048K)
 Metaspace       used 304613K, committed 307136K, reserved 1376256K
  class space    used 39429K, committed 40640K, reserved 1048576K
}
Event: 15633.020 GC heap after
{Heap after GC invocations=103 (full 1):
 garbage-first heap   total 997376K, used 304899K [0x0000000700000000, 0x0000000800000000)
  region size 2048K, 13 young (26624K), 13 survivors (26624K)
 Metaspace       used 304613K, committed 307136K, reserved 1376256K
  class space    used 39429K, committed 40640K, reserved 1048576K
}
Event: 15633.459 GC heap before
{Heap before GC invocations=103 (full 1):
 garbage-first heap   total 997376K, used 327427K [0x0000000700000000, 0x0000000800000000)
  region size 2048K, 24 young (49152K), 13 survivors (26624K)
 Metaspace       used 309031K, committed 311680K, reserved 1376256K
  class space    used 39902K, committed 41152K, reserved 1048576K
}
Event: 15633.531 GC heap after
{Heap after GC invocations=104 (full 1):
 garbage-first heap   total 997376K, used 296405K [0x0000000700000000, 0x0000000800000000)
  region size 2048K, 2 young (4096K), 2 survivors (4096K)
 Metaspace       used 309031K, committed 311680K, reserved 1376256K
  class space    used 39902K, committed 41152K, reserved 1048576K
}
Event: 16093.702 GC heap before
{Heap before GC invocations=104 (full 1):
 garbage-first heap   total 997376K, used 495061K [0x0000000700000000, 0x0000000800000000)
  region size 2048K, 101 young (206848K), 2 survivors (4096K)
 Metaspace       used 316277K, committed 318976K, reserved 1376256K
  class space    used 40822K, committed 42112K, reserved 1048576K
}
Event: 16093.731 GC heap after
{Heap after GC invocations=105 (full 1):
 garbage-first heap   total 997376K, used 305835K [0x0000000700000000, 0x0000000800000000)
  region size 2048K, 8 young (16384K), 8 survivors (16384K)
 Metaspace       used 316277K, committed 318976K, reserved 1376256K
  class space    used 40822K, committed 42112K, reserved 1048576K
}

